# JRE version: OpenJDK Runtime Environment (8.0_202-b03) (build 1.8.0_202-release-1483-b03)
# Java VM: OpenJDK 64-Bit Server VM (25.202-b03 mixed mode windows-amd64 compressed oops)
Heap:
 PSYoungGen      total 478720K, used 371467K [0x00000000e0000000, 0x0000000100000000, 0x0000000100000000)
  eden space 435712K, 77% used [0x00000000e0000000,0x00000000f4b65ae8,0x00000000fa980000)
  from space 43008K, 74% used [0x00000000fa980000,0x00000000fc8dd3e0,0x00000000fd380000)
  to   space 45568K, 0% used [0x00000000fd380000,0x00000000fd380000,0x0000000100000000)
 ParOldGen       total 199168K, used 66123K [0x00000000a0000000, 0x00000000ac280000, 0x00000000e0000000)
  object space 199168K, 33% used [0x00000000a0000000,0x00000000a4092cf0,0x00000000ac280000)
 Metaspace       used 104052K, capacity 110560K, committed 110784K, reserved 1146880K
  class space    used 13098K, capacity 14253K, committed 14312K, reserved 1048576K
GC Heap History (10 events):
Event: 504.117 GC heap before
{Heap before GC invocations=21 (full 3):
 PSYoungGen      total 381440K, used 381415K [0x00000000e0000000, 0x00000000fc800000, 0x0000000100000000)
  eden space 356352K, 100% used [0x00000000e0000000,0x00000000f5c00000,0x00000000f5c00000)
  from space 25088K, 99% used [0x00000000f5c00000,0x00000000f7479d30,0x00000000f7480000)
  to   space 35840K, 0% used [0x00000000fa500000,0x00000000fa500000,0x00000000fc800000)
 ParOldGen       total 134656K, used 58530K [0x00000000a0000000, 0x00000000a8380000, 0x00000000e0000000)
  object space 134656K, 43% used [0x00000000a0000000,0x00000000a3928830,0x00000000a8380000)
 Metaspace       used 85436K, capacity 89394K, committed 89688K, reserved 1128448K
  class space    used 10800K, capacity 11540K, committed 11648K, reserved 1048576K
Event: 504.139 GC heap after
Heap after GC invocations=21 (full 3):
 PSYoungGen      total 425984K, used 28773K [0x00000000e0000000, 0x00000000fca00000, 0x0000000100000000)
  eden space 390144K, 0% used [0x00000000e0000000,0x00000000e0000000,0x00000000f7d00000)
  from space 35840K, 80% used [0x00000000fa500000,0x00000000fc119690,0x00000000fc800000)
  to   space 39424K, 0% used [0x00000000f7d00000,0x00000000f7d00000,0x00000000fa380000)
 ParOldGen       total 134656K, used 58546K [0x00000000a0000000, 0x00000000a8380000, 0x00000000e0000000)
  object space 134656K, 43% used [0x00000000a0000000,0x00000000a392c830,0x00000000a8380000)
 Metaspace       used 85436K, capacity 89394K, committed 89688K, reserved 1128448K
  class space    used 10800K, capacity 11540K, committed 11648K, reserved 1048576K
}
Event: 505.721 GC heap before
{Heap before GC invocations=22 (full 3):
 PSYoungGen      total 425984K, used 178034K [0x00000000e0000000, 0x00000000fca00000, 0x0000000100000000)
  eden space 390144K, 38% used [0x00000000e0000000,0x00000000e91c3540,0x00000000f7d00000)
  from space 35840K, 80% used [0x00000000fa500000,0x00000000fc119690,0x00000000fc800000)
  to   space 39424K, 0% used [0x00000000f7d00000,0x00000000f7d00000,0x00000000fa380000)
 ParOldGen       total 134656K, used 58546K [0x00000000a0000000, 0x00000000a8380000, 0x00000000e0000000)
  object space 134656K, 43% used [0x00000000a0000000,0x00000000a392c830,0x00000000a8380000)
 Metaspace       used 93849K, capacity 98366K, committed 98496K, reserved 1134592K
  class space    used 12048K, capacity 12929K, committed 13032K, reserved 1048576K
Event: 505.757 GC heap after
Heap after GC invocations=22 (full 3):
 PSYoungGen      total 429568K, used 39222K [0x00000000e0000000, 0x0000000100000000, 0x0000000100000000)
  eden space 390144K, 0% used [0x00000000e0000000,0x00000000e0000000,0x00000000f7d00000)
  from space 39424K, 99% used [0x00000000f7d00000,0x00000000fa34daa8,0x00000000fa380000)
  to   space 45568K, 0% used [0x00000000fd380000,0x00000000fd380000,0x0000000100000000)
 ParOldGen       total 134656K, used 58554K [0x00000000a0000000, 0x00000000a8380000, 0x00000000e0000000)
  object space 134656K, 43% used [0x00000000a0000000,0x00000000a392e830,0x00000000a8380000)
 Metaspace       used 93849K, capacity 98366K, committed 98496K, reserved 1134592K
  class space    used 12048K, capacity 12929K, committed 13032K, reserved 1048576K
}
Event: 505.757 GC heap before
{Heap before GC invocations=23 (full 4):
 PSYoungGen      total 429568K, used 39222K [0x00000000e0000000, 0x0000000100000000, 0x0000000100000000)
  eden space 390144K, 0% used [0x00000000e0000000,0x00000000e0000000,0x00000000f7d00000)
  from space 39424K, 99% used [0x00000000f7d00000,0x00000000fa34daa8,0x00000000fa380000)
  to   space 45568K, 0% used [0x00000000fd380000,0x00000000fd380000,0x0000000100000000)
 ParOldGen       total 134656K, used 58554K [0x00000000a0000000, 0x00000000a8380000, 0x00000000e0000000)
  object space 134656K, 43% used [0x00000000a0000000,0x00000000a392e830,0x00000000a8380000)
 Metaspace       used 93849K, capacity 98366K, committed 98496K, reserved 1134592K
  class space    used 12048K, capacity 12929K, committed 13032K, reserved 1048576K
Event: 505.922 GC heap after
Heap after GC invocations=23 (full 4):
 PSYoungGen      total 429568K, used 0K [0x00000000e0000000, 0x0000000100000000, 0x0000000100000000)
  eden space 390144K, 0% used [0x00000000e0000000,0x00000000e0000000,0x00000000f7d00000)
  from space 39424K, 0% used [0x00000000f7d00000,0x00000000f7d00000,0x00000000fa380000)
  to   space 45568K, 0% used [0x00000000fd380000,0x00000000fd380000,0x0000000100000000)
 ParOldGen       total 199168K, used 66107K [0x00000000a0000000, 0x00000000ac280000, 0x00000000e0000000)
  object space 199168K, 33% used [0x00000000a0000000,0x00000000a408ecf0,0x00000000ac280000)
 Metaspace       used 93710K, capacity 98008K, committed 98496K, reserved 1134592K
  class space    used 12006K, capacity 12872K, committed 13032K, reserved 1048576K
}
Event: 508.648 GC heap before
{Heap before GC invocations=24 (full 4):
 PSYoungGen      total 429568K, used 390144K [0x00000000e0000000, 0x0000000100000000, 0x0000000100000000)
  eden space 390144K, 100% used [0x00000000e0000000,0x00000000f7d00000,0x00000000f7d00000)
  from space 39424K, 0% used [0x00000000f7d00000,0x00000000f7d00000,0x00000000fa380000)
  to   space 45568K, 0% used [0x00000000fd380000,0x00000000fd380000,0x0000000100000000)
 ParOldGen       total 199168K, used 66107K [0x00000000a0000000, 0x00000000ac280000, 0x00000000e0000000)
  object space 199168K, 33% used [0x00000000a0000000,0x00000000a408ecf0,0x00000000ac280000)
 Metaspace       used 96034K, capacity 100426K, committed 100800K, reserved 1136640K
  class space    used 12255K, capacity 13135K, committed 13288K, reserved 1048576K
Event: 508.668 GC heap after
Heap after GC invocations=24 (full 4):
 PSYoungGen      total 481280K, used 17371K [0x00000000e0000000, 0x0000000100000000, 0x0000000100000000)
  eden space 435712K, 0% used [0x00000000e0000000,0x00000000e0000000,0x00000000fa980000)
  from space 45568K, 38% used [0x00000000fd380000,0x00000000fe476d08,0x0000000100000000)
  to   space 43008K, 0% used [0x00000000fa980000,0x00000000fa980000,0x00000000fd380000)
 ParOldGen       total 199168K, used 66115K [0x00000000a0000000, 0x00000000ac280000, 0x00000000e0000000)
  object space 199168K, 33% used [0x00000000a0000000,0x00000000a4090cf0,0x00000000ac280000)
 Metaspace       used 96034K, capacity 100426K, committed 100800K, reserved 1136640K
  class space    used 12255K, capacity 13135K, committed 13288K, reserved 1048576K
}
Event: 918.922 GC heap before
{Heap before GC invocations=25 (full 4):
 PSYoungGen      total 481280K, used 453083K [0x00000000e0000000, 0x0000000100000000, 0x0000000100000000)
  eden space 435712K, 100% used [0x00000000e0000000,0x00000000fa980000,0x00000000fa980000)
  from space 45568K, 38% used [0x00000000fd380000,0x00000000fe476d08,0x0000000100000000)
  to   space 43008K, 0% used [0x00000000fa980000,0x00000000fa980000,0x00000000fd380000)
 ParOldGen       total 199168K, used 66115K [0x00000000a0000000, 0x00000000ac280000, 0x00000000e0000000)
  object space 199168K, 33% used [0x00000000a0000000,0x00000000a4090cf0,0x00000000ac280000)
 Metaspace       used 101739K, capacity 106892K, committed 106944K, reserved 1142784K
  class space    used 12777K, capacity 13749K, committed 13800K, reserved 1048576K
Event: 918.958 GC heap after
Heap after GC invocations=25 (full 4):
 PSYoungGen      total 478720K, used 32116K [0x00000000e0000000, 0x0000000100000000, 0x0000000100000000)
  eden space 435712K, 0% used [0x00000000e0000000,0x00000000e0000000,0x00000000fa980000)
  from space 43008K, 74% used [0x00000000fa980000,0x00000000fc8dd3e0,0x00000000fd380000)
  to   space 45568K, 0% used [0x00000000fd380000,0x00000000fd380000,0x0000000100000000)
 ParOldGen       total 199168K, used 66123K [0x00000000a0000000, 0x00000000ac280000, 0x00000000e0000000)
  object space 199168K, 33% used [0x00000000a0000000,0x00000000a4092cf0,0x00000000ac280000)
 Metaspace       used 101739K, capacity 106892K, committed 106944K, reserved 1142784K
  class space    used 12777K, capacity 13749K, committed 13800K, reserved 1048576K
}

